Thu 09 Mar 2023 03:49:01 PM UTC: 
 tests:  0|7
total_score: 0/70
adaa6bb
Thu 09 Mar 2023 03:52:32 PM UTC: 
 exercises.c | 4 ++++
 1 file changed, 4 insertions(+)
In file included from test.c:5:
exercises.c: In function ‘swap’:
exercises.c:17:7: error: assignment to ‘int’ from ‘int *’ makes integer from pointer without a cast [-Werror=int-conversion]
   17 |   aux = a;
      |       ^
exercises.c:19:4: error: assignment to ‘int *’ from ‘int’ makes pointer from integer without a cast [-Werror=int-conversion]
   19 |   b=aux;
      |    ^
cc1: all warnings being treated as errors
Compilation failed
7503971
Thu 09 Mar 2023 03:53:22 PM UTC: 
 exercises.c | 2 +-
 1 file changed, 1 insertion(+), 1 deletion(-)
 tests:  0|7
total_score: 0/70
5197faa
Thu 09 Mar 2023 03:53:57 PM UTC: 
 exercises.c | 2 +-
 1 file changed, 1 insertion(+), 1 deletion(-)
In file included from test.c:5:
exercises.c: In function ‘swap’:
exercises.c:18:4: error: assignment to ‘int *’ from ‘int’ makes pointer from integer without a cast [-Werror=int-conversion]
   18 |   a=10;
      |    ^
cc1: all warnings being treated as errors
Compilation failed
4a0c4f0
Thu 09 Mar 2023 03:54:13 PM UTC: 
 exercises.c | 2 +-
 1 file changed, 1 insertion(+), 1 deletion(-)
In file included from test.c:5:
exercises.c: In function ‘swap’:
exercises.c:18:4: error: statement with no effect [-Werror=unused-value]
   18 |   a==b;
      |   ~^~~
cc1: all warnings being treated as errors
Compilation failed
99b5940
Thu 09 Mar 2023 03:54:21 PM UTC: 
 exercises.c | 2 +-
 1 file changed, 1 insertion(+), 1 deletion(-)
 tests:  0|7
total_score: 0/70
8aebdd0
Thu 09 Mar 2023 03:54:31 PM UTC: 
 exercises.c | 4 ----
 1 file changed, 4 deletions(-)
 tests:  0|7
total_score: 0/70
c81352c
Thu 09 Mar 2023 03:56:01 PM UTC: 
 exercises.c | 2 +-
 1 file changed, 1 insertion(+), 1 deletion(-)
In file included from test.c:5:
exercises.c: In function ‘swap’:
exercises.c:16:5: error: assignment to ‘int *’ from ‘int’ makes pointer from integer without a cast [-Werror=int-conversion]
   16 |   a = 10;
      |     ^
cc1: all warnings being treated as errors
Compilation failed
afedc07
Thu 09 Mar 2023 03:56:32 PM UTC: 
 exercises.c | 2 +-
 1 file changed, 1 insertion(+), 1 deletion(-)
 tests:  0|7
total_score: 0/70
8b5717e
Thu 09 Mar 2023 03:57:37 PM UTC: 
 exercises.c | 2 +-
 1 file changed, 1 insertion(+), 1 deletion(-)
 tests:  0|7
total_score: 0/70
f0237be
Thu 09 Mar 2023 03:57:48 PM UTC: 
 exercises.c | 2 +-
 1 file changed, 1 insertion(+), 1 deletion(-)
In file included from test.c:5:
exercises.c: In function ‘swap’:
exercises.c:16:6: error: assignment to ‘int’ from ‘int *’ makes integer from pointer without a cast [-Werror=int-conversion]
   16 |   *a = b;
      |      ^
cc1: all warnings being treated as errors
Compilation failed
93bce70
Thu 09 Mar 2023 03:57:54 PM UTC: 
 exercises.c | 2 +-
 1 file changed, 1 insertion(+), 1 deletion(-)
 tests:  0|7
total_score: 0/70
77de483
Thu 09 Mar 2023 03:58:23 PM UTC: 
 exercises.c | 2 ++
 1 file changed, 2 insertions(+)
In file included from test.c:5:
exercises.c: In function ‘swap’:
exercises.c:16:14: error: initialization of ‘int *’ from ‘int’ makes pointer from integer without a cast [-Werror=int-conversion]
   16 |   int *aux = *a;
      |              ^
cc1: all warnings being treated as errors
Compilation failed
c96493e
Thu 09 Mar 2023 03:58:38 PM UTC: 
 exercises.c | 4 ++--
 1 file changed, 2 insertions(+), 2 deletions(-)
 tests:  1|6
total_score: 10/70
0484df0
Thu 09 Mar 2023 04:17:19 PM UTC: 
 exercises.c | 9 ++++++++-
 1 file changed, 8 insertions(+), 1 deletion(-)
In file included from test.c:5:
exercises.c: In function ‘arrayMaxMin’:
exercises.c:32:18: error: invalid type argument of unary ‘*’ (have ‘int’)
   32 |           *max = *a[i];
      |                  ^~~~~
exercises.c:33:18: error: invalid type argument of unary ‘*’ (have ‘int’)
   33 |           *min = *a[i];
      |                  ^~~~~
Compilation failed
88963ac
Thu 09 Mar 2023 04:17:31 PM UTC: 
 exercises.c | 4 ++--
 1 file changed, 2 insertions(+), 2 deletions(-)
 tests:  1|6
total_score: 10/70
708c0ee
Thu 09 Mar 2023 04:18:56 PM UTC: 
 exercises.c | 7 +++++++
 1 file changed, 7 insertions(+)
 tests:  2|5
total_score: 20/70
2cbfca4
Thu 16 Mar 2023 01:49:52 PM UTC: 
 exercises.c | 2 +-
 1 file changed, 1 insertion(+), 1 deletion(-)
 tests:  2|5
total_score: 20/70
6244fbe
Thu 16 Mar 2023 01:53:12 PM UTC: 
 exercises.c | 2 +-
 1 file changed, 1 insertion(+), 1 deletion(-)
In file included from test.c:5:
exercises.c: In function ‘crearPersona’:
exercises.c:63:15: error: assignment to expression with array type
   63 |     p->nombre = nombre;
      |               ^
Compilation failed
4e9a7e7
Thu 16 Mar 2023 01:53:21 PM UTC: 
 exercises.c | 2 +-
 1 file changed, 1 insertion(+), 1 deletion(-)
In file included from test.c:5:
exercises.c: In function ‘crearPersona’:
exercises.c:63:16: error: assignment to ‘char’ from ‘char *’ makes integer from pointer without a cast [-Werror=int-conversion]
   63 |     *p->nombre = nombre;
      |                ^
cc1: all warnings being treated as errors
Compilation failed
e72206d
Thu 16 Mar 2023 01:53:31 PM UTC: 
 exercises.c | 2 +-
 1 file changed, 1 insertion(+), 1 deletion(-)
In file included from test.c:5:
exercises.c: In function ‘crearPersona’:
exercises.c:63:15: error: assignment to expression with array type
   63 |     p->nombre = *nombre;
      |               ^
Compilation failed
b4a77c9
Thu 16 Mar 2023 01:54:01 PM UTC: 
 exercises.c | 2 +-
 1 file changed, 1 insertion(+), 1 deletion(-)
In file included from test.c:5:
exercises.c: In function ‘crearPersona’:
exercises.c:63:5: error: implicit declaration of function ‘strcopy’; did you mean ‘strcpy’? [-Werror=implicit-function-declaration]
   63 |     strcopy(nombre,p->nombre);
      |     ^~~~~~~
      |     strcpy
cc1: all warnings being treated as errors
Compilation failed
98695d1
Thu 16 Mar 2023 01:54:11 PM UTC: 
 exercises.c | 2 +-
 1 file changed, 1 insertion(+), 1 deletion(-)
 tests:  2|5
total_score: 20/70
ec25bd5
Thu 16 Mar 2023 01:54:54 PM UTC: 
 exercises.c | 1 +
 1 file changed, 1 insertion(+)
In file included from test.c:5:
exercises.c: In function ‘crearPersona’:
exercises.c:64:12: error: assignment to expression with array type
   64 |     p->rut = rut;
      |            ^
Compilation failed
e947ba6
Thu 16 Mar 2023 01:55:14 PM UTC: 
 exercises.c | 2 +-
 1 file changed, 1 insertion(+), 1 deletion(-)
 tests:  0|0
b08beca
Thu 16 Mar 2023 01:55:36 PM UTC: 
 exercises.c | 2 +-
 1 file changed, 1 insertion(+), 1 deletion(-)
 tests:  2|5
total_score: 20/70
1dfd3a0
Thu 16 Mar 2023 01:56:15 PM UTC: 
 exercises.c | 2 +-
 1 file changed, 1 insertion(+), 1 deletion(-)
 tests:  0|0
31aa995
Thu 16 Mar 2023 01:56:28 PM UTC: 
 exercises.c | 2 +-
 1 file changed, 1 insertion(+), 1 deletion(-)
In file included from test.c:5:
exercises.c: In function ‘crearPersona’:
exercises.c:64:18: error: ‘p’ is a pointer; did you mean to use ‘->’?
   64 |     strcpy(rut, p.rut);
      |                  ^
      |                  ->
Compilation failed
9605bf8
Thu 16 Mar 2023 01:56:37 PM UTC: 
 exercises.c | 2 +-
 1 file changed, 1 insertion(+), 1 deletion(-)
 tests:  0|0
918285d
Thu 16 Mar 2023 01:56:59 PM UTC: 
 exercises.c | 2 +-
 1 file changed, 1 insertion(+), 1 deletion(-)
 tests:  2|5
total_score: 20/70
55018de
Thu 16 Mar 2023 01:57:21 PM UTC: 
 exercises.c | 2 +-
 1 file changed, 1 insertion(+), 1 deletion(-)
 tests:  3|4
total_score: 30/70
8429f88
Thu 16 Mar 2023 01:58:04 PM UTC: 
 exercises.c | 1 +
 1 file changed, 1 insertion(+)
In file included from test.c:5:
exercises.c: In function ‘crearPersona’:
exercises.c:64:12: error: assignment to expression with array type
   64 |     p->rut = rut;
      |            ^
Compilation failed
73a37f7
Thu 16 Mar 2023 01:58:13 PM UTC: 
 exercises.c | 2 +-
 1 file changed, 1 insertion(+), 1 deletion(-)
In file included from test.c:5:
exercises.c: In function ‘crearPersona’:
exercises.c:64:12: error: assignment to expression with array type
   64 |     p->rut = *rut;
      |            ^
Compilation failed
bedac3b
Thu 16 Mar 2023 01:58:35 PM UTC: 
 exercises.c | 2 +-
 1 file changed, 1 insertion(+), 1 deletion(-)
 tests:  0|0
368473b
Thu 16 Mar 2023 01:58:46 PM UTC: 
 exercises.c | 2 +-
 1 file changed, 1 insertion(+), 1 deletion(-)
 tests:  3|4
total_score: 30/70
1b7b99e
Thu 16 Mar 2023 02:00:43 PM UTC: 
 exercises.c | 3 +++
 1 file changed, 3 insertions(+)
In file included from test.c:5:
exercises.c: In function ‘crearVector’:
exercises.c:85:14: error: unused variable ‘v’ [-Werror=unused-variable]
   85 |     Vector * v = (Vector *) malloc(sizeof(Vector));
      |              ^
cc1: all warnings being treated as errors
Compilation failed
629d6e3
Thu 16 Mar 2023 02:01:26 PM UTC: 
 exercises.c | 3 ++-
 1 file changed, 2 insertions(+), 1 deletion(-)
In file included from test.c:5:
exercises.c: In function ‘crearVector’:
exercises.c:85:5: error: expected expression before ‘Vector’
   85 |     Vector * v = (Vector *) malloc(sizeof(Vector));
      |     ^~~~~~
exercises.c:87:10: error: ‘v’ undeclared (first use in this function)
   87 |   return v;
      |          ^
exercises.c:87:10: note: each undeclared identifier is reported only once for each function it appears in
Compilation failed
db52386
Thu 16 Mar 2023 02:01:52 PM UTC: 
 exercises.c | 2 +-
 1 file changed, 1 insertion(+), 1 deletion(-)
 tests:  3|4
total_score: 30/70
1d6fae1
Thu 16 Mar 2023 02:02:22 PM UTC: 
 exercises.c | 3 +--
 1 file changed, 1 insertion(+), 2 deletions(-)
 tests:  3|4
total_score: 30/70
3974d1d
Thu 16 Mar 2023 02:03:00 PM UTC: 
 exercises.c | 2 +-
 1 file changed, 1 insertion(+), 1 deletion(-)
In file included from test.c:5:
exercises.c: In function ‘crearVector’:
exercises.c:85:27: error: too few arguments to function ‘calloc’
   85 |   Vector * v = (Vector *) calloc(sizeof(Vector));
      |                           ^~~~~~
In file included from test.c:2:
/nix/store/iwd8ic5hhwdxn5dga0im55g5hjl270cd-glibc-2.33-47-dev/include/stdlib.h:542:14: note: declared here
  542 | extern void *calloc (size_t __nmemb, size_t __size)
      |              ^~~~~~
Compilation failed
a9fd6c4
Thu 16 Mar 2023 02:03:56 PM UTC: 
 exercises.c | 2 +-
 1 file changed, 1 insertion(+), 1 deletion(-)
 tests:  3|4
total_score: 30/70
fe6bcfb
Thu 16 Mar 2023 02:04:34 PM UTC: 
 exercises.c | 2 +-
 1 file changed, 1 insertion(+), 1 deletion(-)
In file included from test.c:5:
exercises.c: In function ‘crearVector’:
exercises.c:86:10: error: incompatible types when returning type ‘Vector’ but ‘Vector *’ was expected
   86 |   return *v;
      |          ^~
exercises.c:88:1: error: control reaches end of non-void function [-Werror=return-type]
   88 | }
      | ^
cc1: all warnings being treated as errors
Compilation failed
42ba8f1
Thu 16 Mar 2023 02:05:01 PM UTC: 
 exercises.c | 2 +-
 1 file changed, 1 insertion(+), 1 deletion(-)
 tests:  3|4
total_score: 30/70
a280b0d
Thu 16 Mar 2023 02:05:47 PM UTC: 
 exercises.c | 2 +-
 1 file changed, 1 insertion(+), 1 deletion(-)
In file included from test.c:5:
exercises.c: In function ‘asignarValor’:
exercises.c:96:3: error: invalid type argument of unary ‘*’ (have ‘Vector’)
   96 |   *v[i] = valor;
      |   ^~~~~
Compilation failed
6662f8b
Thu 16 Mar 2023 02:05:54 PM UTC: 
 exercises.c | 2 +-
 1 file changed, 1 insertion(+), 1 deletion(-)
In file included from test.c:5:
exercises.c: In function ‘asignarValor’:
exercises.c:96:10: error: incompatible types when assigning to type ‘Vector’ from type ‘int’
   96 |   v[i] = valor;
      |          ^~~~~
Compilation failed
c750bfc
Thu 16 Mar 2023 02:06:00 PM UTC: 
 exercises.c | 2 +-
 1 file changed, 1 insertion(+), 1 deletion(-)
In file included from test.c:5:
exercises.c: In function ‘asignarValor’:
exercises.c:96:10: error: invalid type argument of unary ‘*’ (have ‘int’)
   96 |   v[i] = *valor;
      |          ^~~~~~
Compilation failed
5f908ef
Thu 16 Mar 2023 02:06:12 PM UTC: 
 exercises.c | 2 +-
 1 file changed, 1 insertion(+), 1 deletion(-)
In file included from test.c:5:
exercises.c: In function ‘asignarValor’:
exercises.c:96:3: error: invalid type argument of unary ‘*’ (have ‘Vector’)
   96 |   *v[i] = valor;
      |   ^~~~~
Compilation failed
ef4948b
Thu 16 Mar 2023 02:06:45 PM UTC: 
 exercises.c | 2 +-
 1 file changed, 1 insertion(+), 1 deletion(-)
In file included from test.c:5:
exercises.c: In function ‘asignarValor’:
exercises.c:96:5: error: ‘v’ is a pointer; did you mean to use ‘->’?
   96 |   *v.datos[i] = valor;
      |     ^
      |     ->
Compilation failed
5578e30
Thu 16 Mar 2023 02:06:53 PM UTC: 
 exercises.c | 2 +-
 1 file changed, 1 insertion(+), 1 deletion(-)
In file included from test.c:5:
exercises.c: In function ‘asignarValor’:
exercises.c:96:3: error: invalid type argument of unary ‘*’ (have ‘int’)
   96 |   *v->datos[i] = valor;
      |   ^~~~~~~~~~~~
Compilation failed
445fe2d
Thu 16 Mar 2023 02:07:01 PM UTC: 
 exercises.c | 2 +-
 1 file changed, 1 insertion(+), 1 deletion(-)
 tests:  3|4
total_score: 30/70
bc81878
Thu 16 Mar 2023 02:07:29 PM UTC: 
 exercises.c | 2 +-
 1 file changed, 1 insertion(+), 1 deletion(-)
 tests:  5|3
total_score: 40/70
0b0399d
Thu 16 Mar 2023 02:08:07 PM UTC: 
 exercises.c | 2 +-
 1 file changed, 1 insertion(+), 1 deletion(-)
 tests:  3|4
total_score: 30/70
63e8d37
